<html>
<head>
<title>TestNG:  Test</title>
<link href="../testng.css" rel="stylesheet" type="text/css" />
<link href="../my-testng.css" rel="stylesheet" type="text/css" />

<style type="text/css">
.log { display: none;} 
.stack-trace { display: none;} 
</style>
<script type="text/javascript">
<!--
function flip(e) {
  current = e.style.display;
  if (current == 'block') {
    e.style.display = 'none';
    return 0;
  }
  else {
    e.style.display = 'block';
    return 1;
  }
}

function toggleBox(szDivId, elem, msg1, msg2)
{
  var res = -1;  if (document.getElementById) {
    res = flip(document.getElementById(szDivId));
  }
  else if (document.all) {
    // this is the way old msie versions work
    res = flip(document.all[szDivId]);
  }
  if(elem) {
    if(res == 0) elem.innerHTML = msg1; else elem.innerHTML = msg2;
  }

}

function toggleAllBoxes() {
  if (document.getElementsByTagName) {
    d = document.getElementsByTagName('div');
    for (i = 0; i < d.length; i++) {
      if (d[i].className == 'log') {
        flip(d[i]);
      }
    }
  }
}

// -->
</script>

</head>
<body>
<h2 align='center'>Test</h2><table border='1' align="center">
<tr>
<td>Tests passed/Failed/Skipped:</td><td>45/3/0</td>
</tr><tr>
<td>Started on:</td><td>Mon Feb 07 22:51:04 CST 2022</td>
</tr>
<tr><td>Total time:</td><td>424 seconds (424831 ms)</td>
</tr><tr>
<td>Included groups:</td><td></td>
</tr><tr>
<td>Excluded groups:</td><td></td>
</tr>
</table><p/>
<small><i>(Hover the method name to see the test class name)</i></small><p/>
<table width='100%' border='1' class='invocation-failed'>
<tr><td colspan='4' align='center'><b>FAILED TESTS</b></td></tr>
<tr><td><b>Test method</b></td>
<td width="30%"><b>Exception</b></td>
<td width="10%"><b>Time (seconds)</b></td>
<td><b>Instance</b></td>
</tr>
<tr>
<td title='automation.testcases.HomePageTestClass.VerifyNumpyNinjaLink()'><b>VerifyNumpyNinjaLink</b><br>Test class: automation.testcases.HomePageTestClass</td>
<td><div><pre>java.lang.AssertionError: expected [https://dsportalapp.herokuapp.com/] but found [https://dsportalapp.herokuapp.com/home]
	at automation.testcases.HomePageTestClass.VerifyNumpyNinjaLink(HomePageTestClass.java:62)
	at java.base/java.util.ArrayList.forEach(ArrayList.java:1541)
... Removed 32 stack frames</pre></div><a href='#' onClick='toggleBox("stack-trace2122731428", this, "Click to show all stack frames", "Click to hide stack frames")'>Click to show all stack frames</a>
<div class='stack-trace' id='stack-trace2122731428'><pre>java.lang.AssertionError: expected [https://dsportalapp.herokuapp.com/] but found [https://dsportalapp.herokuapp.com/home]
	at org.testng.Assert.fail(Assert.java:97)
	at org.testng.Assert.assertEqualsImpl(Assert.java:136)
	at org.testng.Assert.assertEquals(Assert.java:118)
	at org.testng.Assert.assertEquals(Assert.java:575)
	at org.testng.Assert.assertEquals(Assert.java:585)
	at automation.testcases.HomePageTestClass.VerifyNumpyNinjaLink(HomePageTestClass.java:62)
	at java.base/jdk.internal.reflect.NativeMethodAccessorImpl.invoke0(Native Method)
	at java.base/jdk.internal.reflect.NativeMethodAccessorImpl.invoke(NativeMethodAccessorImpl.java:62)
	at java.base/jdk.internal.reflect.DelegatingMethodAccessorImpl.invoke(DelegatingMethodAccessorImpl.java:43)
	at java.base/java.lang.reflect.Method.invoke(Method.java:566)
	at org.testng.internal.MethodInvocationHelper.invokeMethod(MethodInvocationHelper.java:134)
	at org.testng.internal.TestInvoker.invokeMethod(TestInvoker.java:597)
	at org.testng.internal.TestInvoker.invokeTestMethod(TestInvoker.java:173)
	at org.testng.internal.MethodRunner.runInSequence(MethodRunner.java:46)
	at org.testng.internal.TestInvoker$MethodInvocationAgent.invoke(TestInvoker.java:816)
	at org.testng.internal.TestInvoker.invokeTestMethods(TestInvoker.java:146)
	at org.testng.internal.TestMethodWorker.invokeTestMethods(TestMethodWorker.java:146)
	at org.testng.internal.TestMethodWorker.run(TestMethodWorker.java:128)
	at java.base/java.util.ArrayList.forEach(ArrayList.java:1541)
	at org.testng.TestRunner.privateRun(TestRunner.java:766)
	at org.testng.TestRunner.run(TestRunner.java:587)
	at org.testng.SuiteRunner.runTest(SuiteRunner.java:384)
	at org.testng.SuiteRunner.runSequentially(SuiteRunner.java:378)
	at org.testng.SuiteRunner.privateRun(SuiteRunner.java:337)
	at org.testng.SuiteRunner.run(SuiteRunner.java:286)
	at org.testng.SuiteRunnerWorker.runSuite(SuiteRunnerWorker.java:53)
	at org.testng.SuiteRunnerWorker.run(SuiteRunnerWorker.java:96)
	at org.testng.TestNG.runSuitesSequentially(TestNG.java:1187)
	at org.testng.TestNG.runSuitesLocally(TestNG.java:1109)
	at org.testng.TestNG.runSuites(TestNG.java:1039)
	at org.testng.TestNG.run(TestNG.java:1007)
	at org.testng.remote.AbstractRemoteTestNG.run(AbstractRemoteTestNG.java:115)
	at org.testng.remote.RemoteTestNG.initAndRun(RemoteTestNG.java:251)
	at org.testng.remote.RemoteTestNG.main(RemoteTestNG.java:77)
</pre></div></td>
<td>0</td>
<td>automation.testcases.HomePageTestClass@6ee4d9ab</td></tr>
<tr>
<td title='automation.testcases.DSIntroPageTest.verifyDSIntroPageLinks()'><b>verifyDSIntroPageLinks</b><br>Test class: automation.testcases.DSIntroPageTest</td>
<td><div><pre>java.lang.AssertionError: expected [Time Complexity] but found [https://dsportalapp.herokuapp.com/data-structures-introduction/time-complexity/]
	at automation.testcases.DSIntroPageTest.verifyDSIntroPageLinks(DSIntroPageTest.java:51)
	at java.base/java.util.ArrayList.forEach(ArrayList.java:1541)
... Removed 32 stack frames</pre></div><a href='#' onClick='toggleBox("stack-trace1008127340", this, "Click to show all stack frames", "Click to hide stack frames")'>Click to show all stack frames</a>
<div class='stack-trace' id='stack-trace1008127340'><pre>java.lang.AssertionError: expected [Time Complexity] but found [https://dsportalapp.herokuapp.com/data-structures-introduction/time-complexity/]
	at org.testng.Assert.fail(Assert.java:97)
	at org.testng.Assert.assertEqualsImpl(Assert.java:136)
	at org.testng.Assert.assertEquals(Assert.java:118)
	at org.testng.Assert.assertEquals(Assert.java:575)
	at org.testng.Assert.assertEquals(Assert.java:585)
	at automation.testcases.DSIntroPageTest.verifyDSIntroPageLinks(DSIntroPageTest.java:51)
	at java.base/jdk.internal.reflect.NativeMethodAccessorImpl.invoke0(Native Method)
	at java.base/jdk.internal.reflect.NativeMethodAccessorImpl.invoke(NativeMethodAccessorImpl.java:62)
	at java.base/jdk.internal.reflect.DelegatingMethodAccessorImpl.invoke(DelegatingMethodAccessorImpl.java:43)
	at java.base/java.lang.reflect.Method.invoke(Method.java:566)
	at org.testng.internal.MethodInvocationHelper.invokeMethod(MethodInvocationHelper.java:134)
	at org.testng.internal.TestInvoker.invokeMethod(TestInvoker.java:597)
	at org.testng.internal.TestInvoker.invokeTestMethod(TestInvoker.java:173)
	at org.testng.internal.MethodRunner.runInSequence(MethodRunner.java:46)
	at org.testng.internal.TestInvoker$MethodInvocationAgent.invoke(TestInvoker.java:816)
	at org.testng.internal.TestInvoker.invokeTestMethods(TestInvoker.java:146)
	at org.testng.internal.TestMethodWorker.invokeTestMethods(TestMethodWorker.java:146)
	at org.testng.internal.TestMethodWorker.run(TestMethodWorker.java:128)
	at java.base/java.util.ArrayList.forEach(ArrayList.java:1541)
	at org.testng.TestRunner.privateRun(TestRunner.java:766)
	at org.testng.TestRunner.run(TestRunner.java:587)
	at org.testng.SuiteRunner.runTest(SuiteRunner.java:384)
	at org.testng.SuiteRunner.runSequentially(SuiteRunner.java:378)
	at org.testng.SuiteRunner.privateRun(SuiteRunner.java:337)
	at org.testng.SuiteRunner.run(SuiteRunner.java:286)
	at org.testng.SuiteRunnerWorker.runSuite(SuiteRunnerWorker.java:53)
	at org.testng.SuiteRunnerWorker.run(SuiteRunnerWorker.java:96)
	at org.testng.TestNG.runSuitesSequentially(TestNG.java:1187)
	at org.testng.TestNG.runSuitesLocally(TestNG.java:1109)
	at org.testng.TestNG.runSuites(TestNG.java:1039)
	at org.testng.TestNG.run(TestNG.java:1007)
	at org.testng.remote.AbstractRemoteTestNG.run(AbstractRemoteTestNG.java:115)
	at org.testng.remote.RemoteTestNG.initAndRun(RemoteTestNG.java:251)
	at org.testng.remote.RemoteTestNG.main(RemoteTestNG.java:77)
</pre></div></td>
<td>2</td>
<td>automation.testcases.DSIntroPageTest@4278284b</td></tr>
<tr>
<td title='automation.testcases.DsTimeComplexPageTest.verifyDsComplexityPage()'><b>verifyDsComplexityPage</b><br>Test class: automation.testcases.DsTimeComplexPageTest</td>
<td><div><pre>java.lang.AssertionError: expected [Time Complexity] but found [https://dsportalapp.herokuapp.com/data-structures-introduction/time-complexity/]
	at automation.testcases.DsTimeComplexPageTest.verifyDsComplexityPage(DsTimeComplexPageTest.java:55)
	at java.base/java.util.ArrayList.forEach(ArrayList.java:1541)
... Removed 32 stack frames</pre></div><a href='#' onClick='toggleBox("stack-trace953863032", this, "Click to show all stack frames", "Click to hide stack frames")'>Click to show all stack frames</a>
<div class='stack-trace' id='stack-trace953863032'><pre>java.lang.AssertionError: expected [Time Complexity] but found [https://dsportalapp.herokuapp.com/data-structures-introduction/time-complexity/]
	at org.testng.Assert.fail(Assert.java:97)
	at org.testng.Assert.assertEqualsImpl(Assert.java:136)
	at org.testng.Assert.assertEquals(Assert.java:118)
	at org.testng.Assert.assertEquals(Assert.java:575)
	at org.testng.Assert.assertEquals(Assert.java:585)
	at automation.testcases.DsTimeComplexPageTest.verifyDsComplexityPage(DsTimeComplexPageTest.java:55)
	at java.base/jdk.internal.reflect.NativeMethodAccessorImpl.invoke0(Native Method)
	at java.base/jdk.internal.reflect.NativeMethodAccessorImpl.invoke(NativeMethodAccessorImpl.java:62)
	at java.base/jdk.internal.reflect.DelegatingMethodAccessorImpl.invoke(DelegatingMethodAccessorImpl.java:43)
	at java.base/java.lang.reflect.Method.invoke(Method.java:566)
	at org.testng.internal.MethodInvocationHelper.invokeMethod(MethodInvocationHelper.java:134)
	at org.testng.internal.TestInvoker.invokeMethod(TestInvoker.java:597)
	at org.testng.internal.TestInvoker.invokeTestMethod(TestInvoker.java:173)
	at org.testng.internal.MethodRunner.runInSequence(MethodRunner.java:46)
	at org.testng.internal.TestInvoker$MethodInvocationAgent.invoke(TestInvoker.java:816)
	at org.testng.internal.TestInvoker.invokeTestMethods(TestInvoker.java:146)
	at org.testng.internal.TestMethodWorker.invokeTestMethods(TestMethodWorker.java:146)
	at org.testng.internal.TestMethodWorker.run(TestMethodWorker.java:128)
	at java.base/java.util.ArrayList.forEach(ArrayList.java:1541)
	at org.testng.TestRunner.privateRun(TestRunner.java:766)
	at org.testng.TestRunner.run(TestRunner.java:587)
	at org.testng.SuiteRunner.runTest(SuiteRunner.java:384)
	at org.testng.SuiteRunner.runSequentially(SuiteRunner.java:378)
	at org.testng.SuiteRunner.privateRun(SuiteRunner.java:337)
	at org.testng.SuiteRunner.run(SuiteRunner.java:286)
	at org.testng.SuiteRunnerWorker.runSuite(SuiteRunnerWorker.java:53)
	at org.testng.SuiteRunnerWorker.run(SuiteRunnerWorker.java:96)
	at org.testng.TestNG.runSuitesSequentially(TestNG.java:1187)
	at org.testng.TestNG.runSuitesLocally(TestNG.java:1109)
	at org.testng.TestNG.runSuites(TestNG.java:1039)
	at org.testng.TestNG.run(TestNG.java:1007)
	at org.testng.remote.AbstractRemoteTestNG.run(AbstractRemoteTestNG.java:115)
	at org.testng.remote.RemoteTestNG.initAndRun(RemoteTestNG.java:251)
	at org.testng.remote.RemoteTestNG.main(RemoteTestNG.java:77)
</pre></div></td>
<td>4</td>
<td>automation.testcases.DsTimeComplexPageTest@332729ad</td></tr>
</table><p>
<table width='100%' border='1' class='invocation-passed'>
<tr><td colspan='4' align='center'><b>PASSED TESTS</b></td></tr>
<tr><td><b>Test method</b></td>
<td width="30%"><b>Exception</b></td>
<td width="10%"><b>Time (seconds)</b></td>
<td><b>Instance</b></td>
</tr>
<tr>
<td title='automation.testcases.DSDropDownTest.DSDropdownItemsByVisibleText()'><b>DSDropdownItemsByVisibleText</b><br>Test class: automation.testcases.DSDropDownTest<br/>
<a href="#Output-323302928" onClick='toggleBox("Output-323302928", this, "Show output", "Hide output");'>Show output</a>

<a href="#Output-323302928" onClick="toggleAllBoxes();">Show all outputs</a>
<div class='log' id="Output-323302928">
The no of item in dropdown list:6<br/>
Arrays<br/>
Linked List<br/>
Stack<br/>
Queue<br/>
Tree<br/>
Graph<br/>
</div>
</td>
<td></td>
<td>2</td>
<td>automation.testcases.DSDropDownTest@13d4992d</td></tr>
<tr>
<td title='automation.testcases.DSDropDownTest.DSDropdownlinksValidation()'><b>DSDropdownlinksValidation</b><br>Test class: automation.testcases.DSDropDownTest<br/>
<a href="#Output-116616258" onClick='toggleBox("Output-116616258", this, "Show output", "Hide output");'>Show output</a>

<a href="#Output-116616258" onClick="toggleAllBoxes();">Show all outputs</a>
<div class='log' id="Output-116616258">
https://dsportalapp.herokuapp.com/array/<br/>
https://dsportalapp.herokuapp.com/linked-list/<br/>
https://dsportalapp.herokuapp.com/stack/<br/>
https://dsportalapp.herokuapp.com/queue/<br/>
https://dsportalapp.herokuapp.com/tree/<br/>
https://dsportalapp.herokuapp.com/graph/<br/>
</div>
</td>
<td></td>
<td>17</td>
<td>automation.testcases.DSDropDownTest@13d4992d</td></tr>
<tr>
<td title='automation.testcases.EndToEndTest.DemoEndToEndTest()'><b>DemoEndToEndTest</b><br>Test class: automation.testcases.EndToEndTest<br/>
<a href="#Output-586164630" onClick='toggleBox("Output-586164630", this, "Show output", "Hide output");'>Show output</a>

<a href="#Output-586164630" onClick="toggleAllBoxes();">Show all outputs</a>
<div class='log' id="Output-586164630">
You are logged in<br/>
Page is scrolled by pixel<br/>
No Errors<br/>
Output is :Hello<br/>
Page is scrolled by pixel<br/>
Page is scrolled by pixel<br/>
Logged out successfully<br/>
</div>
</td>
<td></td>
<td>24</td>
<td>automation.testcases.EndToEndTest@5026735c</td></tr>
<tr>
<td title='automation.testcases.RegistrationPageTest.RegistrationTest()'><b>RegistrationTest</b><br>Test class: automation.testcases.RegistrationPageTest</td>
<td></td>
<td>1</td>
<td>automation.testcases.RegistrationPageTest@9573584</td></tr>
<tr>
<td title='automation.testcases.SignInPageTest.SignUpTest()'><b>SignUpTest</b><br>Test class: automation.testcases.SignInPageTest</td>
<td></td>
<td>11</td>
<td>automation.testcases.SignInPageTest@10f7f7de</td></tr>
<tr>
<td title='automation.testcases.HomePageTestClass.VerifySignInBtn()'><b>VerifySignInBtn</b><br>Test class: automation.testcases.HomePageTestClass</td>
<td></td>
<td>0</td>
<td>automation.testcases.HomePageTestClass@6ee4d9ab</td></tr>
<tr>
<td title='automation.testcases.HomePageTestClass.VerifySignOut()'><b>VerifySignOut</b><br>Test class: automation.testcases.HomePageTestClass<br/>
<a href="#Output-88544066" onClick='toggleBox("Output-88544066", this, "Show output", "Hide output");'>Show output</a>

<a href="#Output-88544066" onClick="toggleAllBoxes();">Show all outputs</a>
<div class='log' id="Output-88544066">
Logged out successfully<br/>
</div>
</td>
<td></td>
<td>2</td>
<td>automation.testcases.HomePageTestClass@6ee4d9ab</td></tr>
<tr>
<td title='automation.testcases.DSIntroPageTest.VerifySignOut()'><b>VerifySignOut</b><br>Test class: automation.testcases.DSIntroPageTest<br/>
<a href="#Output-1455707702" onClick='toggleBox("Output-1455707702", this, "Show output", "Hide output");'>Show output</a>

<a href="#Output-1455707702" onClick="toggleAllBoxes();">Show all outputs</a>
<div class='log' id="Output-1455707702">
Logged out successfully<br/>
</div>
</td>
<td></td>
<td>4</td>
<td>automation.testcases.DSIntroPageTest@4278284b</td></tr>
<tr>
<td title='automation.testcases.HomePageTestClass.VerifyregisterBtn()'><b>VerifyregisterBtn</b><br>Test class: automation.testcases.HomePageTestClass</td>
<td></td>
<td>3</td>
<td>automation.testcases.HomePageTestClass@6ee4d9ab</td></tr>
<tr>
<td title='automation.testcases.StackPageTest.varifyNumpyNinjalink()'><b>varifyNumpyNinjalink</b><br>Test class: automation.testcases.StackPageTest</td>
<td></td>
<td>6</td>
<td>automation.testcases.StackPageTest@1b45c0e</td></tr>
<tr>
<td title='automation.testcases.LinkedListPageTest.varifyNumpyNinjalink()'><b>varifyNumpyNinjalink</b><br>Test class: automation.testcases.LinkedListPageTest</td>
<td></td>
<td>2</td>
<td>automation.testcases.LinkedListPageTest@5e3d57c7</td></tr>
<tr>
<td title='automation.testcases.ArrayPageTest.varifyNumpyNinjalink()'><b>varifyNumpyNinjalink</b><br>Test class: automation.testcases.ArrayPageTest</td>
<td></td>
<td>6</td>
<td>automation.testcases.ArrayPageTest@75d2da2d</td></tr>
<tr>
<td title='automation.testcases.DSIntroPageTest.varifyNumpyNinjalink()'><b>varifyNumpyNinjalink</b><br>Test class: automation.testcases.DSIntroPageTest</td>
<td></td>
<td>6</td>
<td>automation.testcases.DSIntroPageTest@4278284b</td></tr>
<tr>
<td title='automation.testcases.ArrayPythonPageTest.verifyArrayEditorWindow()'><b>verifyArrayEditorWindow</b><br>Test class: automation.testcases.ArrayPythonPageTest</td>
<td></td>
<td>3</td>
<td>automation.testcases.ArrayPythonPageTest@732d0d24</td></tr>
<tr>
<td title='automation.testcases.HomePageTestClass.verifyArrayGetStarted()'><b>verifyArrayGetStarted</b><br>Test class: automation.testcases.HomePageTestClass</td>
<td></td>
<td>2</td>
<td>automation.testcases.HomePageTestClass@6ee4d9ab</td></tr>
<tr>
<td title='automation.testcases.ArrayPythonPageTest.verifyArrayPageLinks()'><b>verifyArrayPageLinks</b><br>Test class: automation.testcases.ArrayPythonPageTest</td>
<td></td>
<td>16</td>
<td>automation.testcases.ArrayPythonPageTest@732d0d24</td></tr>
<tr>
<td title='automation.testcases.ArrayPageTest.verifyArrayPageLinks()'><b>verifyArrayPageLinks</b><br>Test class: automation.testcases.ArrayPageTest<br/>
<a href="#Output-1721186460" onClick='toggleBox("Output-1721186460", this, "Show output", "Hide output");'>Show output</a>

<a href="#Output-1721186460" onClick="toggleAllBoxes();">Show all outputs</a>
<div class='log' id="Output-1721186460">
Page is scrolled by pixel<br/>
</div>
</td>
<td></td>
<td>13</td>
<td>automation.testcases.ArrayPageTest@75d2da2d</td></tr>
<tr>
<td title='automation.testcases.CreatingLLPageTest.verifyCreatLLPage()'><b>verifyCreatLLPage</b><br>Test class: automation.testcases.CreatingLLPageTest</td>
<td></td>
<td>2</td>
<td>automation.testcases.CreatingLLPageTest@1fb19a0</td></tr>
<tr>
<td title='automation.testcases.DsTimeComplexPageTest.verifyDSIntroTryHere()'><b>verifyDSIntroTryHere</b><br>Test class: automation.testcases.DsTimeComplexPageTest</td>
<td></td>
<td>5</td>
<td>automation.testcases.DsTimeComplexPageTest@332729ad</td></tr>
<tr>
<td title='automation.testcases.DeletionPageTest.verifyDeletionPage()'><b>verifyDeletionPage</b><br>Test class: automation.testcases.DeletionPageTest</td>
<td></td>
<td>2</td>
<td>automation.testcases.DeletionPageTest@6bf08014</td></tr>
<tr>
<td title='automation.testcases.EditorWindowPageTest.verifyEditorWindowforBadInput()'><b>verifyEditorWindowforBadInput</b><br>Test class: automation.testcases.EditorWindowPageTest<br/>
<a href="#Output-202395890" onClick='toggleBox("Output-202395890", this, "Show output", "Hide output");'>Show output</a>

<a href="#Output-202395890" onClick="toggleAllBoxes();">Show all outputs</a>
<div class='log' id="Output-202395890">
Bad Input<br/>
Output is :<br/>
</div>
</td>
<td></td>
<td>15</td>
<td>automation.testcases.EditorWindowPageTest@1672fe87</td></tr>
<tr>
<td title='automation.testcases.EditorWindowPageTest.verifyEditorWindowforGoodInput()'><b>verifyEditorWindowforGoodInput</b><br>Test class: automation.testcases.EditorWindowPageTest<br/>
<a href="#Output-92784065" onClick='toggleBox("Output-92784065", this, "Show output", "Hide output");'>Show output</a>

<a href="#Output-92784065" onClick="toggleAllBoxes();">Show all outputs</a>
<div class='log' id="Output-92784065">
No Errors<br/>
Output is :Hello<br/>
</div>
</td>
<td></td>
<td>17</td>
<td>automation.testcases.EditorWindowPageTest@1672fe87</td></tr>
<tr>
<td title='automation.testcases.TypeLLPageTest.verifyExternalLinks()'><b>verifyExternalLinks</b><br>Test class: automation.testcases.TypeLLPageTest</td>
<td></td>
<td>11</td>
<td>automation.testcases.TypeLLPageTest@73a8da0f</td></tr>
<tr>
<td title='automation.testcases.StartUpPageTest.verifyGetStartedBtnIsWorking()'><b>verifyGetStartedBtnIsWorking</b><br>Test class: automation.testcases.StartUpPageTest</td>
<td></td>
<td>0</td>
<td>automation.testcases.StartUpPageTest@11f0a5a1</td></tr>
<tr>
<td title='automation.testcases.GraphPageTest.verifyGraphPageLinks()'><b>verifyGraphPageLinks</b><br>Test class: automation.testcases.GraphPageTest</td>
<td></td>
<td>7</td>
<td>automation.testcases.GraphPageTest@4416d64f</td></tr>
<tr>
<td title='automation.testcases.GraphInsidePageTest.verifyGraphPageLinks()'><b>verifyGraphPageLinks</b><br>Test class: automation.testcases.GraphInsidePageTest</td>
<td></td>
<td>9</td>
<td>automation.testcases.GraphInsidePageTest@5082d622</td></tr>
<tr>
<td title='automation.testcases.GraphInsidePageTest.verifyGraphPracQue()'><b>verifyGraphPracQue</b><br>Test class: automation.testcases.GraphInsidePageTest</td>
<td></td>
<td>4</td>
<td>automation.testcases.GraphInsidePageTest@5082d622</td></tr>
<tr>
<td title='automation.testcases.HomePageTestClass.verifyHomePageUrl()'><b>verifyHomePageUrl</b><br>Test class: automation.testcases.HomePageTestClass</td>
<td></td>
<td>0</td>
<td>automation.testcases.HomePageTestClass@6ee4d9ab</td></tr>
<tr>
<td title='automation.testcases.ImplementLLPageTest.verifyImplementingLLPage()'><b>verifyImplementingLLPage</b><br>Test class: automation.testcases.ImplementLLPageTest</td>
<td></td>
<td>2</td>
<td>automation.testcases.ImplementLLPageTest@5a5338df</td></tr>
<tr>
<td title='automation.testcases.StackAppliPageTest.verifyImplementingLLPage()'><b>verifyImplementingLLPage</b><br>Test class: automation.testcases.StackAppliPageTest</td>
<td></td>
<td>2</td>
<td>automation.testcases.StackAppliPageTest@18e36d14</td></tr>
<tr>
<td title='automation.testcases.InsertionPageTest.verifyInsertionPage()'><b>verifyInsertionPage</b><br>Test class: automation.testcases.InsertionPageTest</td>
<td></td>
<td>2</td>
<td>automation.testcases.InsertionPageTest@3370f42</td></tr>
<tr>
<td title='automation.testcases.HomePageTestClass.verifyLLGetStarted()'><b>verifyLLGetStarted</b><br>Test class: automation.testcases.HomePageTestClass</td>
<td></td>
<td>2</td>
<td>automation.testcases.HomePageTestClass@6ee4d9ab</td></tr>
<tr>
<td title='automation.testcases.IntroductionPageTest.verifyLLIntroduction()'><b>verifyLLIntroduction</b><br>Test class: automation.testcases.IntroductionPageTest</td>
<td></td>
<td>2</td>
<td>automation.testcases.IntroductionPageTest@50dfbc58</td></tr>
<tr>
<td title='automation.testcases.LinkedListPageTest.verifyLinkedListPage()'><b>verifyLinkedListPage</b><br>Test class: automation.testcases.LinkedListPageTest</td>
<td></td>
<td>32</td>
<td>automation.testcases.LinkedListPageTest@5e3d57c7</td></tr>
<tr>
<td title='automation.testcases.DsTimeComplexPageTest.verifyPracticeQu()'><b>verifyPracticeQu</b><br>Test class: automation.testcases.DsTimeComplexPageTest</td>
<td></td>
<td>6</td>
<td>automation.testcases.DsTimeComplexPageTest@332729ad</td></tr>
<tr>
<td title='automation.testcases.HomePageTestClass.verifyStackGetStarted()'><b>verifyStackGetStarted</b><br>Test class: automation.testcases.HomePageTestClass</td>
<td></td>
<td>2</td>
<td>automation.testcases.HomePageTestClass@6ee4d9ab</td></tr>
<tr>
<td title='automation.testcases.StackPageTest.verifyStackPageLinks()'><b>verifyStackPageLinks</b><br>Test class: automation.testcases.StackPageTest</td>
<td></td>
<td>6</td>
<td>automation.testcases.StackPageTest@1b45c0e</td></tr>
<tr>
<td title='automation.testcases.StackOperationPageTest.verifyStackPageLinks()'><b>verifyStackPageLinks</b><br>Test class: automation.testcases.StackOperationPageTest</td>
<td></td>
<td>5</td>
<td>automation.testcases.StackOperationPageTest@302f7971</td></tr>
<tr>
<td title='automation.testcases.StartUpPageTest.verifyTitle()'><b>verifyTitle</b><br>Test class: automation.testcases.StartUpPageTest</td>
<td></td>
<td>0</td>
<td>automation.testcases.StartUpPageTest@11f0a5a1</td></tr>
<tr>
<td title='automation.testcases.IntroductionPageTest.verifyTryHere()'><b>verifyTryHere</b><br>Test class: automation.testcases.IntroductionPageTest</td>
<td></td>
<td>3</td>
<td>automation.testcases.IntroductionPageTest@50dfbc58</td></tr>
<tr>
<td title='automation.testcases.StackOperationPageTest.verifyTryHere()'><b>verifyTryHere</b><br>Test class: automation.testcases.StackOperationPageTest</td>
<td></td>
<td>5</td>
<td>automation.testcases.StackOperationPageTest@302f7971</td></tr>
<tr>
<td title='automation.testcases.TraversalPageTest.verifyTtraversalPage()'><b>verifyTtraversalPage</b><br>Test class: automation.testcases.TraversalPageTest</td>
<td></td>
<td>2</td>
<td>automation.testcases.TraversalPageTest@418c5a9c</td></tr>
<tr>
<td title='automation.testcases.TypeLLPageTest.verifyTypeLLPage()'><b>verifyTypeLLPage</b><br>Test class: automation.testcases.TypeLLPageTest</td>
<td></td>
<td>4</td>
<td>automation.testcases.TypeLLPageTest@73a8da0f</td></tr>
<tr>
<td title='automation.testcases.TypeLLPageTest.verifyTypeOfLL()'><b>verifyTypeOfLL</b><br>Test class: automation.testcases.TypeLLPageTest</td>
<td></td>
<td>2</td>
<td>automation.testcases.TypeLLPageTest@73a8da0f</td></tr>
<tr>
<td title='automation.testcases.StartUpPageTest.verifyurl()'><b>verifyurl</b><br>Test class: automation.testcases.StartUpPageTest</td>
<td></td>
<td>0</td>
<td>automation.testcases.StartUpPageTest@11f0a5a1</td></tr>
</table><p>
</body>
</html>