<?xml version="1.0" encoding="UTF-8"?>
<!-- Generated by org.testng.reporters.JUnitXMLReporter -->
<testsuite ignored="46" hostname="LAPTOP-QMGLBV1S" failures="3" tests="48" name="Test" time="424.831" errors="0" timestamp="2022-02-07T22:58:09 CST">
  <testcase classname="automation.testcases.EditorWindowPageTest" name="verifyEditorWindowforBadInput" time="15.689"/>
  <testcase classname="automation.testcases.EditorWindowPageTest" name="verifyEditorWindowforGoodInput" time="17.06"/>
  <testcase classname="automation.testcases.EndToEndTest" name="DemoEndToEndTest" time="24.12"/>
  <testcase classname="automation.testcases.StackPageTest" name="varifyNumpyNinjalink" time="6.382"/>
  <testcase classname="automation.testcases.StackPageTest" name="verifyStackPageLinks" time="6.179"/>
  <testcase classname="automation.testcases.StartUpPageTest" name="verifyGetStartedBtnIsWorking" time="0.464"/>
  <testcase classname="automation.testcases.StartUpPageTest" name="verifyTitle" time="0.017"/>
  <testcase classname="automation.testcases.StartUpPageTest" name="verifyurl" time="0.02"/>
  <testcase classname="automation.testcases.SignInPageTest" name="SignUpTest" time="11.096"/>
  <testcase classname="automation.testcases.TypeLLPageTest" name="verifyExternalLinks" time="11.113"/>
  <testcase classname="automation.testcases.TypeLLPageTest" name="verifyTypeLLPage" time="4.21"/>
  <testcase classname="automation.testcases.TypeLLPageTest" name="verifyTypeOfLL" time="2.871"/>
  <testcase classname="automation.testcases.IntroductionPageTest" name="verifyLLIntroduction" time="2.708"/>
  <testcase classname="automation.testcases.IntroductionPageTest" name="verifyTryHere" time="3.332"/>
  <testcase classname="automation.testcases.GraphPageTest" name="verifyGraphPageLinks" time="7.03"/>
  <testcase classname="automation.testcases.DeletionPageTest" name="verifyDeletionPage" time="2.516"/>
  <testcase classname="automation.testcases.LinkedListPageTest" name="varifyNumpyNinjalink" time="2.545"/>
  <testcase classname="automation.testcases.LinkedListPageTest" name="verifyLinkedListPage" time="32.186"/>
  <testcase classname="automation.testcases.ArrayPythonPageTest" name="verifyArrayEditorWindow" time="3.988"/>
  <testcase classname="automation.testcases.ArrayPythonPageTest" name="verifyArrayPageLinks" time="16.368"/>
  <testcase classname="automation.testcases.CreatingLLPageTest" name="verifyCreatLLPage" time="2.49"/>
  <testcase classname="automation.testcases.HomePageTestClass" name="VerifyNumpyNinjaLink" time="0.763">
    <failure type="java.lang.AssertionError" message="expected [https://dsportalapp.herokuapp.com/] but found [https://dsportalapp.herokuapp.com/home]">
      <![CDATA[java.lang.AssertionError: expected [https://dsportalapp.herokuapp.com/] but found [https://dsportalapp.herokuapp.com/home]
at automation.testcases.HomePageTestClass.VerifyNumpyNinjaLink(HomePageTestClass.java:62)
at java.base/java.util.ArrayList.forEach(ArrayList.java:1541)
... Removed 32 stack frames]]>
    </failure>
  </testcase> <!-- VerifyNumpyNinjaLink -->
  <testcase classname="automation.testcases.HomePageTestClass" name="VerifySignInBtn" time="0.777"/>
  <testcase classname="automation.testcases.HomePageTestClass" name="VerifySignOut" time="2.136"/>
  <testcase classname="automation.testcases.HomePageTestClass" name="VerifyregisterBtn" time="3.784"/>
  <testcase classname="automation.testcases.HomePageTestClass" name="verifyArrayGetStarted" time="2.036"/>
  <testcase classname="automation.testcases.HomePageTestClass" name="verifyHomePageUrl" time="0.541"/>
  <testcase classname="automation.testcases.HomePageTestClass" name="verifyLLGetStarted" time="2.3"/>
  <testcase classname="automation.testcases.HomePageTestClass" name="verifyStackGetStarted" time="2.291"/>
  <testcase classname="automation.testcases.ImplementLLPageTest" name="verifyImplementingLLPage" time="2.632"/>
  <testcase classname="automation.testcases.TraversalPageTest" name="verifyTtraversalPage" time="2.583"/>
  <testcase classname="automation.testcases.StackAppliPageTest" name="verifyImplementingLLPage" time="2.641"/>
  <testcase classname="automation.testcases.GraphInsidePageTest" name="verifyGraphPageLinks" time="9.865"/>
  <testcase classname="automation.testcases.GraphInsidePageTest" name="verifyGraphPracQue" time="4.943"/>
  <testcase classname="automation.testcases.DSDropDownTest" name="DSDropdownItemsByVisibleText" time="2.221"/>
  <testcase classname="automation.testcases.DSDropDownTest" name="DSDropdownlinksValidation" time="17.502"/>
  <testcase classname="automation.testcases.StackOperationPageTest" name="verifyStackPageLinks" time="5.428"/>
  <testcase classname="automation.testcases.StackOperationPageTest" name="verifyTryHere" time="5.142"/>
  <testcase classname="automation.testcases.DsTimeComplexPageTest" name="verifyDSIntroTryHere" time="5.148"/>
  <testcase classname="automation.testcases.DsTimeComplexPageTest" name="verifyDsComplexityPage" time="4.468">
    <failure type="java.lang.AssertionError" message="expected [Time Complexity] but found [https://dsportalapp.herokuapp.com/data-structures-introduction/time-complexity/]">
      <![CDATA[java.lang.AssertionError: expected [Time Complexity] but found [https://dsportalapp.herokuapp.com/data-structures-introduction/time-complexity/]
at automation.testcases.DsTimeComplexPageTest.verifyDsComplexityPage(DsTimeComplexPageTest.java:55)
at java.base/java.util.ArrayList.forEach(ArrayList.java:1541)
... Removed 32 stack frames]]>
    </failure>
  </testcase> <!-- verifyDsComplexityPage -->
  <testcase classname="automation.testcases.DsTimeComplexPageTest" name="verifyPracticeQu" time="6.893"/>
  <testcase classname="automation.testcases.ArrayPageTest" name="varifyNumpyNinjalink" time="6.485"/>
  <testcase classname="automation.testcases.ArrayPageTest" name="verifyArrayPageLinks" time="13.731"/>
  <testcase classname="automation.testcases.DSIntroPageTest" name="VerifySignOut" time="4.451"/>
  <testcase classname="automation.testcases.DSIntroPageTest" name="varifyNumpyNinjalink" time="6.333"/>
  <testcase classname="automation.testcases.DSIntroPageTest" name="verifyDSIntroPageLinks" time="2.287">
    <failure type="java.lang.AssertionError" message="expected [Time Complexity] but found [https://dsportalapp.herokuapp.com/data-structures-introduction/time-complexity/]">
      <![CDATA[java.lang.AssertionError: expected [Time Complexity] but found [https://dsportalapp.herokuapp.com/data-structures-introduction/time-complexity/]
at automation.testcases.DSIntroPageTest.verifyDSIntroPageLinks(DSIntroPageTest.java:51)
at java.base/java.util.ArrayList.forEach(ArrayList.java:1541)
... Removed 32 stack frames]]>
    </failure>
  </testcase> <!-- verifyDSIntroPageLinks -->
  <testcase classname="automation.testcases.RegistrationPageTest" name="RegistrationTest" time="1.531"/>
  <testcase classname="automation.testcases.InsertionPageTest" name="verifyInsertionPage" time="2.977"/>
  <testcase classname="automation.utility.BrowserFactory" name="@BeforeSuite readConfig" time="0.0">
    <ignored/>
  </testcase> <!-- @BeforeSuite readConfig -->
  <testcase classname="automation.utility.BrowserFactory" name="@BeforeSuite readConfig" time="0.0">
    <ignored/>
  </testcase> <!-- @BeforeSuite readConfig -->
  <testcase classname="automation.utility.BrowserFactory" name="@BeforeSuite readConfig" time="0.0">
    <ignored/>
  </testcase> <!-- @BeforeSuite readConfig -->
  <testcase classname="automation.utility.BrowserFactory" name="@BeforeSuite readConfig" time="0.0">
    <ignored/>
  </testcase> <!-- @BeforeSuite readConfig -->
  <testcase classname="automation.utility.BrowserFactory" name="@BeforeSuite readConfig" time="0.0">
    <ignored/>
  </testcase> <!-- @BeforeSuite readConfig -->
  <testcase classname="automation.utility.BrowserFactory" name="@BeforeSuite readConfig" time="0.0">
    <ignored/>
  </testcase> <!-- @BeforeSuite readConfig -->
  <testcase classname="automation.utility.BrowserFactory" name="@BeforeSuite readConfig" time="0.0">
    <ignored/>
  </testcase> <!-- @BeforeSuite readConfig -->
  <testcase classname="automation.utility.BrowserFactory" name="@BeforeSuite readConfig" time="0.0">
    <ignored/>
  </testcase> <!-- @BeforeSuite readConfig -->
  <testcase classname="automation.utility.BrowserFactory" name="@BeforeSuite readConfig" time="0.0">
    <ignored/>
  </testcase> <!-- @BeforeSuite readConfig -->
  <testcase classname="automation.utility.BrowserFactory" name="@BeforeSuite readConfig" time="0.0">
    <ignored/>
  </testcase> <!-- @BeforeSuite readConfig -->
  <testcase classname="automation.utility.BrowserFactory" name="@BeforeSuite readConfig" time="0.0">
    <ignored/>
  </testcase> <!-- @BeforeSuite readConfig -->
  <testcase classname="automation.utility.BrowserFactory" name="@BeforeSuite readConfig" time="0.0">
    <ignored/>
  </testcase> <!-- @BeforeSuite readConfig -->
  <testcase classname="automation.utility.BrowserFactory" name="@BeforeSuite readConfig" time="0.0">
    <ignored/>
  </testcase> <!-- @BeforeSuite readConfig -->
  <testcase classname="automation.utility.BrowserFactory" name="@BeforeSuite readConfig" time="0.0">
    <ignored/>
  </testcase> <!-- @BeforeSuite readConfig -->
  <testcase classname="automation.utility.BrowserFactory" name="@BeforeSuite readConfig" time="0.0">
    <ignored/>
  </testcase> <!-- @BeforeSuite readConfig -->
  <testcase classname="automation.utility.BrowserFactory" name="@BeforeSuite readConfig" time="0.0">
    <ignored/>
  </testcase> <!-- @BeforeSuite readConfig -->
  <testcase classname="automation.utility.BrowserFactory" name="@BeforeSuite readConfig" time="0.0">
    <ignored/>
  </testcase> <!-- @BeforeSuite readConfig -->
  <testcase classname="automation.utility.BrowserFactory" name="@BeforeSuite readConfig" time="0.0">
    <ignored/>
  </testcase> <!-- @BeforeSuite readConfig -->
  <testcase classname="automation.utility.BrowserFactory" name="@BeforeSuite readConfig" time="0.0">
    <ignored/>
  </testcase> <!-- @BeforeSuite readConfig -->
  <testcase classname="automation.utility.BrowserFactory" name="@BeforeSuite readConfig" time="0.0">
    <ignored/>
  </testcase> <!-- @BeforeSuite readConfig -->
  <testcase classname="automation.utility.BrowserFactory" name="@BeforeSuite readConfig" time="0.0">
    <ignored/>
  </testcase> <!-- @BeforeSuite readConfig -->
  <testcase classname="automation.utility.BrowserFactory" name="@BeforeSuite readConfig" time="0.0">
    <ignored/>
  </testcase> <!-- @BeforeSuite readConfig -->
  <testcase classname="automation.utility.BrowserFactory" name="@BeforeSuite readConfig" time="0.0">
    <ignored/>
  </testcase> <!-- @BeforeSuite readConfig -->
  <testcase classname="automation.utility.BrowserFactory" name="@AfterSuite endReport" time="0.0">
    <ignored/>
  </testcase> <!-- @AfterSuite endReport -->
  <testcase classname="automation.utility.BrowserFactory" name="@AfterSuite endReport" time="0.0">
    <ignored/>
  </testcase> <!-- @AfterSuite endReport -->
  <testcase classname="automation.utility.BrowserFactory" name="@AfterSuite endReport" time="0.0">
    <ignored/>
  </testcase> <!-- @AfterSuite endReport -->
  <testcase classname="automation.utility.BrowserFactory" name="@AfterSuite endReport" time="0.0">
    <ignored/>
  </testcase> <!-- @AfterSuite endReport -->
  <testcase classname="automation.utility.BrowserFactory" name="@AfterSuite endReport" time="0.0">
    <ignored/>
  </testcase> <!-- @AfterSuite endReport -->
  <testcase classname="automation.utility.BrowserFactory" name="@AfterSuite endReport" time="0.0">
    <ignored/>
  </testcase> <!-- @AfterSuite endReport -->
  <testcase classname="automation.utility.BrowserFactory" name="@AfterSuite endReport" time="0.0">
    <ignored/>
  </testcase> <!-- @AfterSuite endReport -->
  <testcase classname="automation.utility.BrowserFactory" name="@AfterSuite endReport" time="0.0">
    <ignored/>
  </testcase> <!-- @AfterSuite endReport -->
  <testcase classname="automation.utility.BrowserFactory" name="@AfterSuite endReport" time="0.0">
    <ignored/>
  </testcase> <!-- @AfterSuite endReport -->
  <testcase classname="automation.utility.BrowserFactory" name="@AfterSuite endReport" time="0.0">
    <ignored/>
  </testcase> <!-- @AfterSuite endReport -->
  <testcase classname="automation.utility.BrowserFactory" name="@AfterSuite endReport" time="0.0">
    <ignored/>
  </testcase> <!-- @AfterSuite endReport -->
  <testcase classname="automation.utility.BrowserFactory" name="@AfterSuite endReport" time="0.0">
    <ignored/>
  </testcase> <!-- @AfterSuite endReport -->
  <testcase classname="automation.utility.BrowserFactory" name="@AfterSuite endReport" time="0.0">
    <ignored/>
  </testcase> <!-- @AfterSuite endReport -->
  <testcase classname="automation.utility.BrowserFactory" name="@AfterSuite endReport" time="0.0">
    <ignored/>
  </testcase> <!-- @AfterSuite endReport -->
  <testcase classname="automation.utility.BrowserFactory" name="@AfterSuite endReport" time="0.0">
    <ignored/>
  </testcase> <!-- @AfterSuite endReport -->
  <testcase classname="automation.utility.BrowserFactory" name="@AfterSuite endReport" time="0.0">
    <ignored/>
  </testcase> <!-- @AfterSuite endReport -->
  <testcase classname="automation.utility.BrowserFactory" name="@AfterSuite endReport" time="0.0">
    <ignored/>
  </testcase> <!-- @AfterSuite endReport -->
  <testcase classname="automation.utility.BrowserFactory" name="@AfterSuite endReport" time="0.0">
    <ignored/>
  </testcase> <!-- @AfterSuite endReport -->
  <testcase classname="automation.utility.BrowserFactory" name="@AfterSuite endReport" time="0.0">
    <ignored/>
  </testcase> <!-- @AfterSuite endReport -->
  <testcase classname="automation.utility.BrowserFactory" name="@AfterSuite endReport" time="0.0">
    <ignored/>
  </testcase> <!-- @AfterSuite endReport -->
  <testcase classname="automation.utility.BrowserFactory" name="@AfterSuite endReport" time="0.0">
    <ignored/>
  </testcase> <!-- @AfterSuite endReport -->
  <testcase classname="automation.utility.BrowserFactory" name="@AfterSuite endReport" time="0.0">
    <ignored/>
  </testcase> <!-- @AfterSuite endReport -->
  <testcase classname="automation.utility.BrowserFactory" name="@AfterSuite endReport" time="0.0">
    <ignored/>
  </testcase> <!-- @AfterSuite endReport -->
</testsuite> <!-- Test -->
